# JRE version: Java(TM) SE Runtime Environment (8.0_251-b08) (build 1.8.0_251-b08)
# Java VM: Java HotSpot(TM) 64-Bit Server VM (25.251-b08 mixed mode bsd-amd64 compressed oops)
Heap:
 PSYoungGen      total 141824K, used 131689K [0x000000076ab00000, 0x000000077af80000, 0x00000007c0000000)
  eden space 131072K, 94% used [0x000000076ab00000,0x0000000772358240,0x0000000772b00000)
  from space 10752K, 78% used [0x0000000772b00000,0x0000000773342568,0x0000000773580000)
  to   space 9216K, 0% used [0x000000077a680000,0x000000077a680000,0x000000077af80000)
 ParOldGen       total 76288K, used 4756K [0x00000006c0000000, 0x00000006c4a80000, 0x000000076ab00000)
  object space 76288K, 6% used [0x00000006c0000000,0x00000006c04a5218,0x00000006c4a80000)
 Metaspace       used 31050K, capacity 32466K, committed 32768K, reserved 1077248K
  class space    used 4210K, capacity 4517K, committed 4608K, reserved 1048576K
GC Heap History (10 events):
Event: 2.631 GC heap before
{Heap before GC invocations=2 (full 0):
 PSYoungGen      total 76288K, used 72306K [0x000000076ab00000, 0x0000000770000000, 0x00000007c0000000)
  eden space 65536K, 100% used [0x000000076ab00000,0x000000076eb00000,0x000000076eb00000)
  from space 10752K, 62% used [0x000000076eb00000,0x000000076f19c870,0x000000076f580000)
  to   space 10752K, 0% used [0x000000076f580000,0x000000076f580000,0x0000000770000000)
 ParOldGen       total 175104K, used 0K [0x00000006c0000000, 0x00000006cab00000, 0x000000076ab00000)
  object space 175104K, 0% used [0x00000006c0000000,0x00000006c0000000,0x00000006cab00000)
 Metaspace       used 16856K, capacity 17190K, committed 17408K, reserved 1064960K
  class space    used 2148K, capacity 2249K, committed 2304K, reserved 1048576K
Event: 2.645 GC heap after
Heap after GC invocations=2 (full 0):
 PSYoungGen      total 76288K, used 6433K [0x000000076ab00000, 0x0000000770000000, 0x00000007c0000000)
  eden space 65536K, 0% used [0x000000076ab00000,0x000000076ab00000,0x000000076eb00000)
  from space 10752K, 59% used [0x000000076f580000,0x000000076fbc8560,0x0000000770000000)
  to   space 10752K, 0% used [0x000000076eb00000,0x000000076eb00000,0x000000076f580000)
 ParOldGen       total 175104K, used 8K [0x00000006c0000000, 0x00000006cab00000, 0x000000076ab00000)
  object space 175104K, 0% used [0x00000006c0000000,0x00000006c0002000,0x00000006cab00000)
 Metaspace       used 16856K, capacity 17190K, committed 17408K, reserved 1064960K
  class space    used 2148K, capacity 2249K, committed 2304K, reserved 1048576K
}
Event: 3.079 GC heap before
{Heap before GC invocations=3 (full 0):
 PSYoungGen      total 76288K, used 71969K [0x000000076ab00000, 0x0000000770000000, 0x00000007c0000000)
  eden space 65536K, 100% used [0x000000076ab00000,0x000000076eb00000,0x000000076eb00000)
  from space 10752K, 59% used [0x000000076f580000,0x000000076fbc8560,0x0000000770000000)
  to   space 10752K, 0% used [0x000000076eb00000,0x000000076eb00000,0x000000076f580000)
 ParOldGen       total 175104K, used 8K [0x00000006c0000000, 0x00000006cab00000, 0x000000076ab00000)
  object space 175104K, 0% used [0x00000006c0000000,0x00000006c0002000,0x00000006cab00000)
 Metaspace       used 20480K, capacity 21146K, committed 21296K, reserved 1067008K
  class space    used 2701K, capacity 2863K, committed 2944K, reserved 1048576K
Event: 3.099 GC heap after
Heap after GC invocations=3 (full 0):
 PSYoungGen      total 76288K, used 7587K [0x000000076ab00000, 0x0000000774000000, 0x00000007c0000000)
  eden space 65536K, 0% used [0x000000076ab00000,0x000000076ab00000,0x000000076eb00000)
  from space 10752K, 70% used [0x000000076eb00000,0x000000076f268ee0,0x000000076f580000)
  to   space 10752K, 0% used [0x0000000773580000,0x0000000773580000,0x0000000774000000)
 ParOldGen       total 175104K, used 16K [0x00000006c0000000, 0x00000006cab00000, 0x000000076ab00000)
  object space 175104K, 0% used [0x00000006c0000000,0x00000006c0004000,0x00000006cab00000)
 Metaspace       used 20480K, capacity 21146K, committed 21296K, reserved 1067008K
  class space    used 2701K, capacity 2863K, committed 2944K, reserved 1048576K
}
Event: 3.148 GC heap before
{Heap before GC invocations=4 (full 0):
 PSYoungGen      total 76288K, used 9876K [0x000000076ab00000, 0x0000000774000000, 0x00000007c0000000)
  eden space 65536K, 3% used [0x000000076ab00000,0x000000076ad3c330,0x000000076eb00000)
  from space 10752K, 70% used [0x000000076eb00000,0x000000076f268ee0,0x000000076f580000)
  to   space 10752K, 0% used [0x0000000773580000,0x0000000773580000,0x0000000774000000)
 ParOldGen       total 175104K, used 16K [0x00000006c0000000, 0x00000006cab00000, 0x000000076ab00000)
  object space 175104K, 0% used [0x00000006c0000000,0x00000006c0004000,0x00000006cab00000)
 Metaspace       used 20499K, capacity 21214K, committed 21296K, reserved 1067008K
  class space    used 2704K, capacity 2865K, committed 2944K, reserved 1048576K
Event: 3.164 GC heap after
Heap after GC invocations=4 (full 0):
 PSYoungGen      total 141824K, used 4936K [0x000000076ab00000, 0x0000000774000000, 0x00000007c0000000)
  eden space 131072K, 0% used [0x000000076ab00000,0x000000076ab00000,0x0000000772b00000)
  from space 10752K, 45% used [0x0000000773580000,0x0000000773a52060,0x0000000774000000)
  to   space 10752K, 0% used [0x0000000772b00000,0x0000000772b00000,0x0000000773580000)
 ParOldGen       total 175104K, used 24K [0x00000006c0000000, 0x00000006cab00000, 0x000000076ab00000)
  object space 175104K, 0% used [0x00000006c0000000,0x00000006c0006000,0x00000006cab00000)
 Metaspace       used 20499K, capacity 21214K, committed 21296K, reserved 1067008K
  class space    used 2704K, capacity 2865K, committed 2944K, reserved 1048576K
}
Event: 3.164 GC heap before
{Heap before GC invocations=5 (full 1):
 PSYoungGen      total 141824K, used 4936K [0x000000076ab00000, 0x0000000774000000, 0x00000007c0000000)
  eden space 131072K, 0% used [0x000000076ab00000,0x000000076ab00000,0x0000000772b00000)
  from space 10752K, 45% used [0x0000000773580000,0x0000000773a52060,0x0000000774000000)
  to   space 10752K, 0% used [0x0000000772b00000,0x0000000772b00000,0x0000000773580000)
 ParOldGen       total 175104K, used 24K [0x00000006c0000000, 0x00000006cab00000, 0x000000076ab00000)
  object space 175104K, 0% used [0x00000006c0000000,0x00000006c0006000,0x00000006cab00000)
 Metaspace       used 20499K, capacity 21214K, committed 21296K, reserved 1067008K
  class space    used 2704K, capacity 2865K, committed 2944K, reserved 1048576K
Event: 3.186 GC heap after
Heap after GC invocations=5 (full 1):
 PSYoungGen      total 141824K, used 0K [0x000000076ab00000, 0x0000000774000000, 0x00000007c0000000)
  eden space 131072K, 0% used [0x000000076ab00000,0x000000076ab00000,0x0000000772b00000)
  from space 10752K, 0% used [0x0000000773580000,0x0000000773580000,0x0000000774000000)
  to   space 10752K, 0% used [0x0000000772b00000,0x0000000772b00000,0x0000000773580000)
 ParOldGen       total 76288K, used 4756K [0x00000006c0000000, 0x00000006c4a80000, 0x000000076ab00000)
  object space 76288K, 6% used [0x00000006c0000000,0x00000006c04a5218,0x00000006c4a80000)
 Metaspace       used 20499K, capacity 21214K, committed 21296K, reserved 1067008K
  class space    used 2704K, capacity 2865K, committed 2944K, reserved 1048576K
}
Event: 4.138 GC heap before
{Heap before GC invocations=6 (full 1):
 PSYoungGen      total 141824K, used 131072K [0x000000076ab00000, 0x0000000774000000, 0x00000007c0000000)
  eden space 131072K, 100% used [0x000000076ab00000,0x0000000772b00000,0x0000000772b00000)
  from space 10752K, 0% used [0x0000000773580000,0x0000000773580000,0x0000000774000000)
  to   space 10752K, 0% used [0x0000000772b00000,0x0000000772b00000,0x0000000773580000)
 ParOldGen       total 76288K, used 4756K [0x00000006c0000000, 0x00000006c4a80000, 0x000000076ab00000)
  object space 76288K, 6% used [0x00000006c0000000,0x00000006c04a5218,0x00000006c4a80000)
 Metaspace       used 26909K, capacity 27918K, committed 28288K, reserved 1073152K
  class space    used 3614K, capacity 3843K, committed 3968K, reserved 1048576K
Event: 4.145 GC heap after
Heap after GC invocations=6 (full 1):
 PSYoungGen      total 141824K, used 8457K [0x000000076ab00000, 0x000000077af80000, 0x00000007c0000000)
  eden space 131072K, 0% used [0x000000076ab00000,0x000000076ab00000,0x0000000772b00000)
  from space 10752K, 78% used [0x0000000772b00000,0x0000000773342568,0x0000000773580000)
  to   space 9216K, 0% used [0x000000077a680000,0x000000077a680000,0x000000077af80000)
 ParOldGen       total 76288K, used 4756K [0x00000006c0000000, 0x00000006c4a80000, 0x000000076ab00000)
  object space 76288K, 6% used [0x00000006c0000000,0x00000006c04a5218,0x00000006c4a80000)
 Metaspace       used 26909K, capacity 27918K, committed 28288K, reserved 1073152K
  class space    used 3614K, capacity 3843K, committed 3968K, reserved 1048576K
}

